# JRE version: OpenJDK Runtime Environment (9.0.1+1) (build 9.0.7.1+1)
# Java VM: OpenJDK 64-Bit Server VM (9.0.7.1+1, mixed mode, tiered, compressed oops, parallel gc, linux-amd64)
Heap:
 PSYoungGen      total 141312K, used 3858K [0x00000000d7100000, 0x00000000e0a00000, 0x0000000100000000)
  eden space 125952K, 0% used [0x00000000d7100000,0x00000000d7100000,0x00000000dec00000)
  from space 15360K, 25% used [0x00000000dec00000,0x00000000defc48f0,0x00000000dfb00000)
  to   space 15360K, 0% used [0x00000000dfb00000,0x00000000dfb00000,0x00000000e0a00000)
 ParOldGen       total 84992K, used 19881K [0x0000000085200000, 0x000000008a500000, 0x00000000d7100000)
  object space 84992K, 23% used [0x0000000085200000,0x000000008656a7f8,0x000000008a500000)
 Metaspace       used 41122K, capacity 42968K, committed 43136K, reserved 1087488K
  class space    used 4569K, capacity 4879K, committed 4992K, reserved 1048576K
GC Heap History (10 events):
Event: 3.568 GC heap after
{Heap after GC invocations=7 (full 2):
 PSYoungGen      total 68608K, used 0K [0x00000000d7100000, 0x00000000dcd00000, 0x0000000100000000)
  eden space 63488K, 0% used [0x00000000d7100000,0x00000000d7100000,0x00000000daf00000)
  from space 5120K, 0% used [0x00000000daf00000,0x00000000daf00000,0x00000000db400000)
  to   space 15360K, 0% used [0x00000000dbe00000,0x00000000dbe00000,0x00000000dcd00000)
 ParOldGen       total 84992K, used 14729K [0x0000000085200000, 0x000000008a500000, 0x00000000d7100000)
  object space 84992K, 17% used [0x0000000085200000,0x0000000086062408,0x000000008a500000)
 Metaspace       used 34125K, capacity 35316K, committed 35456K, reserved 1081344K
  class space    used 3922K, capacity 4183K, committed 4224K, reserved 1048576K
}
Event: 4.788 GC heap before
{Heap before GC invocations=8 (full 2):
 PSYoungGen      total 68608K, used 63488K [0x00000000d7100000, 0x00000000dcd00000, 0x0000000100000000)
  eden space 63488K, 100% used [0x00000000d7100000,0x00000000daf00000,0x00000000daf00000)
  from space 5120K, 0% used [0x00000000daf00000,0x00000000daf00000,0x00000000db400000)
  to   space 15360K, 0% used [0x00000000dbe00000,0x00000000dbe00000,0x00000000dcd00000)
 ParOldGen       total 84992K, used 14729K [0x0000000085200000, 0x000000008a500000, 0x00000000d7100000)
  object space 84992K, 17% used [0x0000000085200000,0x0000000086062408,0x000000008a500000)
 Metaspace       used 35342K, capacity 36656K, committed 36864K, reserved 1081344K
  class space    used 4036K, capacity 4279K, committed 4352K, reserved 1048576K
}
Event: 4.797 GC heap after
{Heap after GC invocations=8 (full 2):
 PSYoungGen      total 78336K, used 3888K [0x00000000d7100000, 0x00000000e0c00000, 0x0000000100000000)
  eden space 62976K, 0% used [0x00000000d7100000,0x00000000d7100000,0x00000000dae80000)
  from space 15360K, 25% used [0x00000000dbe00000,0x00000000dc1cc148,0x00000000dcd00000)
  to   space 15872K, 0% used [0x00000000dae80000,0x00000000dae80000,0x00000000dbe00000)
 ParOldGen       total 84992K, used 14737K [0x0000000085200000, 0x000000008a500000, 0x00000000d7100000)
  object space 84992K, 17% used [0x0000000085200000,0x0000000086064408,0x000000008a500000)
 Metaspace       used 35342K, capacity 36656K, committed 36864K, reserved 1081344K
  class space    used 4036K, capacity 4279K, committed 4352K, reserved 1048576K
}
Event: 5.712 GC heap before
{Heap before GC invocations=9 (full 2):
 PSYoungGen      total 78336K, used 66864K [0x00000000d7100000, 0x00000000e0c00000, 0x0000000100000000)
  eden space 62976K, 100% used [0x00000000d7100000,0x00000000dae80000,0x00000000dae80000)
  from space 15360K, 25% used [0x00000000dbe00000,0x00000000dc1cc148,0x00000000dcd00000)
  to   space 15872K, 0% used [0x00000000dae80000,0x00000000dae80000,0x00000000dbe00000)
 ParOldGen       total 84992K, used 14737K [0x0000000085200000, 0x000000008a500000, 0x00000000d7100000)
  object space 84992K, 17% used [0x0000000085200000,0x0000000086064408,0x000000008a500000)
 Metaspace       used 38494K, capacity 40082K, committed 40192K, reserved 1085440K
  class space    used 4296K, capacity 4580K, committed 4608K, reserved 1048576K
}
Event: 5.720 GC heap after
{Heap after GC invocations=9 (full 2):
 PSYoungGen      total 78848K, used 6465K [0x00000000d7100000, 0x00000000e0a00000, 0x0000000100000000)
  eden space 62976K, 0% used [0x00000000d7100000,0x00000000d7100000,0x00000000dae80000)
  from space 15872K, 40% used [0x00000000dae80000,0x00000000db4d04c0,0x00000000dbe00000)
  to   space 15360K, 0% used [0x00000000dfb00000,0x00000000dfb00000,0x00000000e0a00000)
 ParOldGen       total 84992K, used 14745K [0x0000000085200000, 0x000000008a500000, 0x00000000d7100000)
  object space 84992K, 17% used [0x0000000085200000,0x0000000086066408,0x000000008a500000)
 Metaspace       used 38494K, capacity 40082K, committed 40192K, reserved 1085440K
  class space    used 4296K, capacity 4580K, committed 4608K, reserved 1048576K
}
Event: 16.104 GC heap before
{Heap before GC invocations=10 (full 2):
 PSYoungGen      total 78848K, used 26775K [0x00000000d7100000, 0x00000000e0a00000, 0x0000000100000000)
  eden space 62976K, 32% used [0x00000000d7100000,0x00000000d84d5770,0x00000000dae80000)
  from space 15872K, 40% used [0x00000000dae80000,0x00000000db4d04c0,0x00000000dbe00000)
  to   space 15360K, 0% used [0x00000000dfb00000,0x00000000dfb00000,0x00000000e0a00000)
 ParOldGen       total 84992K, used 14745K [0x0000000085200000, 0x000000008a500000, 0x00000000d7100000)
  object space 84992K, 17% used [0x0000000085200000,0x0000000086066408,0x000000008a500000)
 Metaspace       used 40458K, capacity 42236K, committed 42496K, reserved 1087488K
  class space    used 4532K, capacity 4827K, committed 4864K, reserved 1048576K
}
Event: 16.123 GC heap after
{Heap after GC invocations=10 (full 2):
 PSYoungGen      total 141312K, used 6200K [0x00000000d7100000, 0x00000000e0a00000, 0x0000000100000000)
  eden space 125952K, 0% used [0x00000000d7100000,0x00000000d7100000,0x00000000dec00000)
  from space 15360K, 40% used [0x00000000dfb00000,0x00000000e010e290,0x00000000e0a00000)
  to   space 15360K, 0% used [0x00000000dec00000,0x00000000dec00000,0x00000000dfb00000)
 ParOldGen       total 84992K, used 14753K [0x0000000085200000, 0x000000008a500000, 0x00000000d7100000)
  object space 84992K, 17% used [0x0000000085200000,0x0000000086068408,0x000000008a500000)
 Metaspace       used 40458K, capacity 42236K, committed 42496K, reserved 1087488K
  class space    used 4532K, capacity 4827K, committed 4864K, reserved 1048576K
}
Event: 16.124 GC heap before
{Heap before GC invocations=11 (full 3):
 PSYoungGen      total 141312K, used 6200K [0x00000000d7100000, 0x00000000e0a00000, 0x0000000100000000)
  eden space 125952K, 0% used [0x00000000d7100000,0x00000000d7100000,0x00000000dec00000)
  from space 15360K, 40% used [0x00000000dfb00000,0x00000000e010e290,0x00000000e0a00000)
  to   space 15360K, 0% used [0x00000000dec00000,0x00000000dec00000,0x00000000dfb00000)
 ParOldGen       total 84992K, used 14753K [0x0000000085200000, 0x000000008a500000, 0x00000000d7100000)
  object space 84992K, 17% used [0x0000000085200000,0x0000000086068408,0x000000008a500000)
 Metaspace       used 40458K, capacity 42236K, committed 42496K, reserved 1087488K
  class space    used 4532K, capacity 4827K, committed 4864K, reserved 1048576K
}
Event: 16.241 GC heap after
{Heap after GC invocations=11 (full 3):
 PSYoungGen      total 141312K, used 0K [0x00000000d7100000, 0x00000000e0a00000, 0x0000000100000000)
  eden space 125952K, 0% used [0x00000000d7100000,0x00000000d7100000,0x00000000dec00000)
  from space 15360K, 0% used [0x00000000dfb00000,0x00000000dfb00000,0x00000000e0a00000)
  to   space 15360K, 0% used [0x00000000dec00000,0x00000000dec00000,0x00000000dfb00000)
 ParOldGen       total 84992K, used 19881K [0x0000000085200000, 0x000000008a500000, 0x00000000d7100000)
  object space 84992K, 23% used [0x0000000085200000,0x000000008656a7f8,0x000000008a500000)
 Metaspace       used 40454K, capacity 42224K, committed 42496K, reserved 1087488K
  class space    used 4531K, capacity 4825K, committed 4864K, reserved 1048576K
}
Event: 211.185 GC heap before
{Heap before GC invocations=12 (full 3):
 PSYoungGen      total 141312K, used 125952K [0x00000000d7100000, 0x00000000e0a00000, 0x0000000100000000)
  eden space 125952K, 100% used [0x00000000d7100000,0x00000000dec00000,0x00000000dec00000)
  from space 15360K, 0% used [0x00000000dfb00000,0x00000000dfb00000,0x00000000e0a00000)
  to   space 15360K, 0% used [0x00000000dec00000,0x00000000dec00000,0x00000000dfb00000)
 ParOldGen       total 84992K, used 19881K [0x0000000085200000, 0x000000008a500000, 0x00000000d7100000)
  object space 84992K, 23% used [0x0000000085200000,0x000000008656a7f8,0x000000008a500000)
 Metaspace       used 41122K, capacity 42968K, committed 43136K, reserved 1087488K
  class space    used 4569K, capacity 4879K, committed 4992K, reserved 1048576K
}

